2023-09-12T14:03:59.416+0530 [DEBUG] [org.gradle.launcher.daemon.bootstrap.DaemonMain] Assuming the daemon was started with following jvm opts: [--add-opens=java.base/java.util=ALL-UNNAMED, --add-opens=java.base/java.lang=ALL-UNNAMED, --add-opens=java.base/java.lang.invoke=ALL-UNNAMED, --add-opens=java.prefs/java.util.prefs=ALL-UNNAMED, --add-opens=java.base/java.nio.charset=ALL-UNNAMED, --add-opens=java.base/java.net=ALL-UNNAMED, --add-opens=java.base/java.util.concurrent.atomic=ALL-UNNAMED, -Xmx2048m, -Dfile.encoding=UTF-8, -Duser.country=US, -Duser.language=en, -Duser.variant]
2023-09-12T14:03:59.599+0530 [DEBUG] [org.gradle.internal.nativeintegration.services.NativeServices] Native-platform posix files integration is not available. Continuing with fallback.
2023-09-12T14:03:59.611+0530 [INFO] [org.gradle.launcher.daemon.server.Daemon] start() called on daemon - DefaultDaemonContext[uid=ed911e76-f039-49b1-9e32-46f595f424a3,javaHome=C:\Program Files\Android\Android Studio1\jbr,daemonRegistryDir=C:\Users\Exedos\AndroidStudioProjects\LivingWater\daemon,pid=17128,idleTimeout=10800000,priority=NORMAL,daemonOpts=--add-opens=java.base/java.util=ALL-UNNAMED,--add-opens=java.base/java.lang=ALL-UNNAMED,--add-opens=java.base/java.lang.invoke=ALL-UNNAMED,--add-opens=java.prefs/java.util.prefs=ALL-UNNAMED,--add-opens=java.base/java.nio.charset=ALL-UNNAMED,--add-opens=java.base/java.net=ALL-UNNAMED,--add-opens=java.base/java.util.concurrent.atomic=ALL-UNNAMED,-Xmx2048m,-Dfile.encoding=UTF-8,-Duser.country=US,-Duser.language=en,-Duser.variant]
2023-09-12T14:03:59.694+0530 [DEBUG] [org.gradle.internal.remote.internal.inet.InetAddresses] Adding IP addresses for network interface Software Loopback Interface 1
2023-09-12T14:03:59.696+0530 [DEBUG] [org.gradle.internal.remote.internal.inet.InetAddresses] Is this a loopback interface? true
2023-09-12T14:03:59.696+0530 [DEBUG] [org.gradle.internal.remote.internal.inet.InetAddresses] Adding loopback address /127.0.0.1
2023-09-12T14:03:59.696+0530 [DEBUG] [org.gradle.internal.remote.internal.inet.InetAddresses] Adding loopback address /0:0:0:0:0:0:0:1
2023-09-12T14:03:59.697+0530 [DEBUG] [org.gradle.internal.remote.internal.inet.InetAddresses] Adding IP addresses for network interface Intel(R) Wireless-AC 9560 160MHz
2023-09-12T14:03:59.701+0530 [DEBUG] [org.gradle.internal.remote.internal.inet.InetAddresses] Is this a loopback interface? false
2023-09-12T14:03:59.701+0530 [DEBUG] [org.gradle.internal.remote.internal.inet.InetAddresses] Adding remote address /192.168.1.48
2023-09-12T14:03:59.702+0530 [DEBUG] [org.gradle.internal.remote.internal.inet.InetAddresses] Adding remote address /fe80:0:0:0:3956:b082:5434:a31f%wlan0
2023-09-12T14:03:59.702+0530 [DEBUG] [org.gradle.internal.remote.internal.inet.InetAddresses] Adding IP addresses for network interface Microsoft 6to4 Adapter
2023-09-12T14:03:59.705+0530 [DEBUG] [org.gradle.internal.remote.internal.inet.InetAddresses] Is this a loopback interface? false
2023-09-12T14:03:59.705+0530 [DEBUG] [org.gradle.internal.remote.internal.inet.InetAddresses] Adding IP addresses for network interface Intel(R) Ethernet Connection (6) I219-V
2023-09-12T14:03:59.708+0530 [DEBUG] [org.gradle.internal.remote.internal.inet.InetAddresses] Is this a loopback interface? false
2023-09-12T14:03:59.708+0530 [DEBUG] [org.gradle.internal.remote.internal.inet.InetAddresses] Adding remote address /fe80:0:0:0:588f:8a46:e51e:af30%eth0
2023-09-12T14:03:59.708+0530 [DEBUG] [org.gradle.internal.remote.internal.inet.InetAddresses] Adding IP addresses for network interface WAN Miniport (Network Monitor)
2023-09-12T14:03:59.710+0530 [DEBUG] [org.gradle.internal.remote.internal.inet.InetAddresses] Is this a loopback interface? false
2023-09-12T14:03:59.711+0530 [DEBUG] [org.gradle.internal.remote.internal.inet.InetAddresses] Adding IP addresses for network interface Microsoft IP-HTTPS Platform Adapter
2023-09-12T14:03:59.713+0530 [DEBUG] [org.gradle.internal.remote.internal.inet.InetAddresses] Is this a loopback interface? false
2023-09-12T14:03:59.713+0530 [DEBUG] [org.gradle.internal.remote.internal.inet.InetAddresses] Adding IP addresses for network interface Bluetooth Device (Personal Area Network)
2023-09-12T14:03:59.715+0530 [DEBUG] [org.gradle.internal.remote.internal.inet.InetAddresses] Is this a loopback interface? false
2023-09-12T14:03:59.715+0530 [DEBUG] [org.gradle.internal.remote.internal.inet.InetAddresses] Adding IP addresses for network interface Hyper-V Virtual Switch Extension Adapter
2023-09-12T14:03:59.717+0530 [DEBUG] [org.gradle.internal.remote.internal.inet.InetAddresses] Is this a loopback interface? false
2023-09-12T14:03:59.718+0530 [DEBUG] [org.gradle.internal.remote.internal.inet.InetAddresses] Adding IP addresses for network interface WAN Miniport (IP)
2023-09-12T14:03:59.720+0530 [DEBUG] [org.gradle.internal.remote.internal.inet.InetAddresses] Is this a loopback interface? false
2023-09-12T14:03:59.720+0530 [DEBUG] [org.gradle.internal.remote.internal.inet.InetAddresses] Adding IP addresses for network interface WAN Miniport (L2TP)
2023-09-12T14:03:59.722+0530 [DEBUG] [org.gradle.internal.remote.internal.inet.InetAddresses] Is this a loopback interface? false
2023-09-12T14:03:59.722+0530 [DEBUG] [org.gradle.internal.remote.internal.inet.InetAddresses] Adding IP addresses for network interface WAN Miniport (IPv6)
2023-09-12T14:03:59.725+0530 [DEBUG] [org.gradle.internal.remote.internal.inet.InetAddresses] Is this a loopback interface? false
2023-09-12T14:03:59.725+0530 [DEBUG] [org.gradle.internal.remote.internal.inet.InetAddresses] Adding IP addresses for network interface Microsoft Wi-Fi Direct Virtual Adapter
2023-09-12T14:03:59.727+0530 [DEBUG] [org.gradle.internal.remote.internal.inet.InetAddresses] Is this a loopback interface? false
2023-09-12T14:03:59.727+0530 [DEBUG] [org.gradle.internal.remote.internal.inet.InetAddresses] Adding remote address /fe80:0:0:0:5b8c:d4ef:c591:1027%wlan1
2023-09-12T14:03:59.727+0530 [DEBUG] [org.gradle.internal.remote.internal.inet.InetAddresses] Adding IP addresses for network interface Microsoft Wi-Fi Direct Virtual Adapter #2
2023-09-12T14:03:59.730+0530 [DEBUG] [org.gradle.internal.remote.internal.inet.InetAddresses] Is this a loopback interface? false
2023-09-12T14:03:59.730+0530 [DEBUG] [org.gradle.internal.remote.internal.inet.InetAddresses] Adding remote address /fe80:0:0:0:f9f1:725d:cff7:24f9%wlan2
2023-09-12T14:03:59.730+0530 [DEBUG] [org.gradle.internal.remote.internal.inet.InetAddresses] Adding IP addresses for network interface Microsoft Wi-Fi Direct Virtual Adapter #4
2023-09-12T14:03:59.733+0530 [DEBUG] [org.gradle.internal.remote.internal.inet.InetAddresses] Is this a loopback interface? false
2023-09-12T14:03:59.733+0530 [DEBUG] [org.gradle.internal.remote.internal.inet.InetAddresses] Adding IP addresses for network interface WAN Miniport (PPPOE)
2023-09-12T14:03:59.735+0530 [DEBUG] [org.gradle.internal.remote.internal.inet.InetAddresses] Is this a loopback interface? false
2023-09-12T14:03:59.735+0530 [DEBUG] [org.gradle.internal.remote.internal.inet.InetAddresses] Adding IP addresses for network interface Microsoft Teredo Tunneling Adapter
2023-09-12T14:03:59.737+0530 [DEBUG] [org.gradle.internal.remote.internal.inet.InetAddresses] Is this a loopback interface? false
2023-09-12T14:03:59.738+0530 [DEBUG] [org.gradle.internal.remote.internal.inet.InetAddresses] Adding IP addresses for network interface WAN Miniport (SSTP)
2023-09-12T14:03:59.739+0530 [DEBUG] [org.gradle.internal.remote.internal.inet.InetAddresses] Is this a loopback interface? false
2023-09-12T14:03:59.740+0530 [DEBUG] [org.gradle.internal.remote.internal.inet.InetAddresses] Adding IP addresses for network interface Microsoft Kernel Debug Network Adapter
2023-09-12T14:03:59.741+0530 [DEBUG] [org.gradle.internal.remote.internal.inet.InetAddresses] Is this a loopback interface? false
2023-09-12T14:03:59.742+0530 [DEBUG] [org.gradle.internal.remote.internal.inet.InetAddresses] Adding IP addresses for network interface Intel(R) Wireless-AC 9560 160MHz-WFP Native MAC Layer LightWeight Filter-0000
2023-09-12T14:03:59.743+0530 [DEBUG] [org.gradle.internal.remote.internal.inet.InetAddresses] Is this a loopback interface? false
2023-09-12T14:03:59.744+0530 [DEBUG] [org.gradle.internal.remote.internal.inet.InetAddresses] Adding IP addresses for network interface WAN Miniport (PPTP)
2023-09-12T14:03:59.746+0530 [DEBUG] [org.gradle.internal.remote.internal.inet.InetAddresses] Is this a loopback interface? false
2023-09-12T14:03:59.746+0530 [DEBUG] [org.gradle.internal.remote.internal.inet.InetAddresses] Adding IP addresses for network interface Microsoft Wi-Fi Direct Virtual Adapter #3
2023-09-12T14:03:59.749+0530 [DEBUG] [org.gradle.internal.remote.internal.inet.InetAddresses] Is this a loopback interface? false
2023-09-12T14:03:59.749+0530 [DEBUG] [org.gradle.internal.remote.internal.inet.InetAddresses] Adding IP addresses for network interface WAN Miniport (IKEv2)
2023-09-12T14:03:59.752+0530 [DEBUG] [org.gradle.internal.remote.internal.inet.InetAddresses] Is this a loopback interface? false
2023-09-12T14:03:59.752+0530 [DEBUG] [org.gradle.internal.remote.internal.inet.InetAddresses] Adding IP addresses for network interface Hyper-V Virtual Switch Extension Adapter-Hyper-V Virtual Switch Extension Filter-0000
2023-09-12T14:03:59.755+0530 [DEBUG] [org.gradle.internal.remote.internal.inet.InetAddresses] Is this a loopback interface? false
2023-09-12T14:03:59.755+0530 [DEBUG] [org.gradle.internal.remote.internal.inet.InetAddresses] Adding IP addresses for network interface Hyper-V Virtual Ethernet Adapter
2023-09-12T14:03:59.757+0530 [DEBUG] [org.gradle.internal.remote.internal.inet.InetAddresses] Is this a loopback interface? false
2023-09-12T14:03:59.757+0530 [DEBUG] [org.gradle.internal.remote.internal.inet.InetAddresses] Adding remote address /172.24.80.1
2023-09-12T14:03:59.758+0530 [DEBUG] [org.gradle.internal.remote.internal.inet.InetAddresses] Adding remote address /fe80:0:0:0:ba85:d99f:e942:97a1%eth8
2023-09-12T14:03:59.758+0530 [DEBUG] [org.gradle.internal.remote.internal.inet.InetAddresses] Adding IP addresses for network interface Hyper-V Virtual Ethernet Adapter-WFP Native MAC Layer LightWeight Filter-0000
2023-09-12T14:03:59.760+0530 [DEBUG] [org.gradle.internal.remote.internal.inet.InetAddresses] Is this a loopback interface? false
2023-09-12T14:03:59.760+0530 [DEBUG] [org.gradle.internal.remote.internal.inet.InetAddresses] Adding IP addresses for network interface Intel(R) Wireless-AC 9560 160MHz-Virtual WiFi Filter Driver-0000
2023-09-12T14:03:59.763+0530 [DEBUG] [org.gradle.internal.remote.internal.inet.InetAddresses] Is this a loopback interface? false
2023-09-12T14:03:59.763+0530 [DEBUG] [org.gradle.internal.remote.internal.inet.InetAddresses] Adding IP addresses for network interface Intel(R) Ethernet Connection (6) I219-V-WFP Native MAC Layer LightWeight Filter-0000
2023-09-12T14:03:59.770+0530 [DEBUG] [org.gradle.internal.remote.internal.inet.InetAddresses] Is this a loopback interface? false
2023-09-12T14:03:59.770+0530 [DEBUG] [org.gradle.internal.remote.internal.inet.InetAddresses] Adding IP addresses for network interface Intel(R) Ethernet Connection (6) I219-V-QoS Packet Scheduler-0000
2023-09-12T14:03:59.773+0530 [DEBUG] [org.gradle.internal.remote.internal.inet.InetAddresses] Is this a loopback interface? false
2023-09-12T14:03:59.773+0530 [DEBUG] [org.gradle.internal.remote.internal.inet.InetAddresses] Adding IP addresses for network interface Intel(R) Ethernet Connection (6) I219-V-WFP 802.3 MAC Layer LightWeight Filter-0000
2023-09-12T14:03:59.776+0530 [DEBUG] [org.gradle.internal.remote.internal.inet.InetAddresses] Is this a loopback interface? false
2023-09-12T14:03:59.777+0530 [DEBUG] [org.gradle.internal.remote.internal.inet.InetAddresses] Adding IP addresses for network interface Intel(R) Wireless-AC 9560 160MHz-Native WiFi Filter Driver-0000
2023-09-12T14:03:59.780+0530 [DEBUG] [org.gradle.internal.remote.internal.inet.InetAddresses] Is this a loopback interface? false
2023-09-12T14:03:59.780+0530 [DEBUG] [org.gradle.internal.remote.internal.inet.InetAddresses] Adding IP addresses for network interface Intel(R) Wireless-AC 9560 160MHz-QoS Packet Scheduler-0000
2023-09-12T14:03:59.782+0530 [DEBUG] [org.gradle.internal.remote.internal.inet.InetAddresses] Is this a loopback interface? false
2023-09-12T14:03:59.783+0530 [DEBUG] [org.gradle.internal.remote.internal.inet.InetAddresses] Adding IP addresses for network interface Intel(R) Wireless-AC 9560 160MHz-WFP 802.3 MAC Layer LightWeight Filter-0000
2023-09-12T14:03:59.784+0530 [DEBUG] [org.gradle.internal.remote.internal.inet.InetAddresses] Is this a loopback interface? false
2023-09-12T14:03:59.785+0530 [DEBUG] [org.gradle.internal.remote.internal.inet.InetAddresses] Adding IP addresses for network interface Microsoft Wi-Fi Direct Virtual Adapter-WFP Native MAC Layer LightWeight Filter-0000
2023-09-12T14:03:59.786+0530 [DEBUG] [org.gradle.internal.remote.internal.inet.InetAddresses] Is this a loopback interface? false
2023-09-12T14:03:59.787+0530 [DEBUG] [org.gradle.internal.remote.internal.inet.InetAddresses] Adding IP addresses for network interface Microsoft Wi-Fi Direct Virtual Adapter-Native WiFi Filter Driver-0000
2023-09-12T14:03:59.788+0530 [DEBUG] [org.gradle.internal.remote.internal.inet.InetAddresses] Is this a loopback interface? false
2023-09-12T14:03:59.789+0530 [DEBUG] [org.gradle.internal.remote.internal.inet.InetAddresses] Adding IP addresses for network interface Microsoft Wi-Fi Direct Virtual Adapter-QoS Packet Scheduler-0000
2023-09-12T14:03:59.791+0530 [DEBUG] [org.gradle.internal.remote.internal.inet.InetAddresses] Is this a loopback interface? false
2023-09-12T14:03:59.791+0530 [DEBUG] [org.gradle.internal.remote.internal.inet.InetAddresses] Adding IP addresses for network interface Microsoft Wi-Fi Direct Virtual Adapter-WFP 802.3 MAC Layer LightWeight Filter-0000
2023-09-12T14:03:59.793+0530 [DEBUG] [org.gradle.internal.remote.internal.inet.InetAddresses] Is this a loopback interface? false
2023-09-12T14:03:59.794+0530 [DEBUG] [org.gradle.internal.remote.internal.inet.InetAddresses] Adding IP addresses for network interface WAN Miniport (IPv6)-WFP Native MAC Layer LightWeight Filter-0000
2023-09-12T14:03:59.796+0530 [DEBUG] [org.gradle.internal.remote.internal.inet.InetAddresses] Is this a loopback interface? false
2023-09-12T14:03:59.796+0530 [DEBUG] [org.gradle.internal.remote.internal.inet.InetAddresses] Adding IP addresses for network interface WAN Miniport (IPv6)-QoS Packet Scheduler-0000
2023-09-12T14:03:59.798+0530 [DEBUG] [org.gradle.internal.remote.internal.inet.InetAddresses] Is this a loopback interface? false
2023-09-12T14:03:59.798+0530 [DEBUG] [org.gradle.internal.remote.internal.inet.InetAddresses] Adding IP addresses for network interface WAN Miniport (IP)-WFP Native MAC Layer LightWeight Filter-0000
2023-09-12T14:03:59.800+0530 [DEBUG] [org.gradle.internal.remote.internal.inet.InetAddresses] Is this a loopback interface? false
2023-09-12T14:03:59.800+0530 [DEBUG] [org.gradle.internal.remote.internal.inet.InetAddresses] Adding IP addresses for network interface WAN Miniport (IP)-QoS Packet Scheduler-0000
2023-09-12T14:03:59.802+0530 [DEBUG] [org.gradle.internal.remote.internal.inet.InetAddresses] Is this a loopback interface? false
2023-09-12T14:03:59.802+0530 [DEBUG] [org.gradle.internal.remote.internal.inet.InetAddresses] Adding IP addresses for network interface WAN Miniport (Network Monitor)-WFP Native MAC Layer LightWeight Filter-0000
2023-09-12T14:03:59.804+0530 [DEBUG] [org.gradle.internal.remote.internal.inet.InetAddresses] Is this a loopback interface? false
2023-09-12T14:03:59.804+0530 [DEBUG] [org.gradle.internal.remote.internal.inet.InetAddresses] Adding IP addresses for network interface WAN Miniport (Network Monitor)-QoS Packet Scheduler-0000
2023-09-12T14:03:59.805+0530 [DEBUG] [org.gradle.internal.remote.internal.inet.InetAddresses] Is this a loopback interface? false
2023-09-12T14:03:59.806+0530 [DEBUG] [org.gradle.internal.remote.internal.inet.InetAddresses] Adding IP addresses for network interface Hyper-V Virtual Ethernet Adapter-QoS Packet Scheduler-0000
2023-09-12T14:03:59.807+0530 [DEBUG] [org.gradle.internal.remote.internal.inet.InetAddresses] Is this a loopback interface? false
2023-09-12T14:03:59.808+0530 [DEBUG] [org.gradle.internal.remote.internal.inet.InetAddresses] Adding IP addresses for network interface Hyper-V Virtual Ethernet Adapter-WFP 802.3 MAC Layer LightWeight Filter-0000
2023-09-12T14:03:59.809+0530 [DEBUG] [org.gradle.internal.remote.internal.inet.InetAddresses] Is this a loopback interface? false
2023-09-12T14:03:59.809+0530 [DEBUG] [org.gradle.internal.remote.internal.inet.InetAddresses] Adding IP addresses for network interface Microsoft Wi-Fi Direct Virtual Adapter #2-WFP Native MAC Layer LightWeight Filter-0000
2023-09-12T14:03:59.811+0530 [DEBUG] [org.gradle.internal.remote.internal.inet.InetAddresses] Is this a loopback interface? false
2023-09-12T14:03:59.812+0530 [DEBUG] [org.gradle.internal.remote.internal.inet.InetAddresses] Adding IP addresses for network interface Microsoft Wi-Fi Direct Virtual Adapter #2-Native WiFi Filter Driver-0000
2023-09-12T14:03:59.814+0530 [DEBUG] [org.gradle.internal.remote.internal.inet.InetAddresses] Is this a loopback interface? false
2023-09-12T14:03:59.814+0530 [DEBUG] [org.gradle.internal.remote.internal.inet.InetAddresses] Adding IP addresses for network interface Microsoft Wi-Fi Direct Virtual Adapter #2-QoS Packet Scheduler-0000
2023-09-12T14:03:59.816+0530 [DEBUG] [org.gradle.internal.remote.internal.inet.InetAddresses] Is this a loopback interface? false
2023-09-12T14:03:59.816+0530 [DEBUG] [org.gradle.internal.remote.internal.inet.InetAddresses] Adding IP addresses for network interface Microsoft Wi-Fi Direct Virtual Adapter #2-WFP 802.3 MAC Layer LightWeight Filter-0000
2023-09-12T14:03:59.818+0530 [DEBUG] [org.gradle.internal.remote.internal.inet.InetAddresses] Is this a loopback interface? false
2023-09-12T14:03:59.825+0530 [DEBUG] [org.gradle.internal.remote.internal.inet.TcpIncomingConnector] Listening on [cdaafe69-5bc0-43db-b92f-3763c0c294d3 port:14993, addresses:[localhost/127.0.0.1]].
2023-09-12T14:03:59.832+0530 [DEBUG] [org.gradle.launcher.daemon.server.Daemon] Daemon starting at: Tue Sep 12 14:03:59 IST 2023, with address: [cdaafe69-5bc0-43db-b92f-3763c0c294d3 port:14993, addresses:[localhost/127.0.0.1]]
2023-09-12T14:03:59.833+0530 [INFO] [org.gradle.launcher.daemon.server.DaemonRegistryUpdater] Advertising the daemon address to the clients: [cdaafe69-5bc0-43db-b92f-3763c0c294d3 port:14993, addresses:[localhost/127.0.0.1]]
2023-09-12T14:03:59.833+0530 [DEBUG] [org.gradle.launcher.daemon.server.DaemonRegistryUpdater] Advertised daemon context: DefaultDaemonContext[uid=ed911e76-f039-49b1-9e32-46f595f424a3,javaHome=C:\Program Files\Android\Android Studio1\jbr,daemonRegistryDir=C:\Users\Exedos\AndroidStudioProjects\LivingWater\daemon,pid=17128,idleTimeout=10800000,priority=NORMAL,daemonOpts=--add-opens=java.base/java.util=ALL-UNNAMED,--add-opens=java.base/java.lang=ALL-UNNAMED,--add-opens=java.base/java.lang.invoke=ALL-UNNAMED,--add-opens=java.prefs/java.util.prefs=ALL-UNNAMED,--add-opens=java.base/java.nio.charset=ALL-UNNAMED,--add-opens=java.base/java.net=ALL-UNNAMED,--add-opens=java.base/java.util.concurrent.atomic=ALL-UNNAMED,-Xmx2048m,-Dfile.encoding=UTF-8,-Duser.country=US,-Duser.language=en,-Duser.variant]
2023-09-12T14:03:59.834+0530 [DEBUG] [org.gradle.launcher.daemon.registry.PersistentDaemonRegistry] Storing daemon address: [cdaafe69-5bc0-43db-b92f-3763c0c294d3 port:14993, addresses:[localhost/127.0.0.1]], context: DefaultDaemonContext[uid=ed911e76-f039-49b1-9e32-46f595f424a3,javaHome=C:\Program Files\Android\Android Studio1\jbr,daemonRegistryDir=C:\Users\Exedos\AndroidStudioProjects\LivingWater\daemon,pid=17128,idleTimeout=10800000,priority=NORMAL,daemonOpts=--add-opens=java.base/java.util=ALL-UNNAMED,--add-opens=java.base/java.lang=ALL-UNNAMED,--add-opens=java.base/java.lang.invoke=ALL-UNNAMED,--add-opens=java.prefs/java.util.prefs=ALL-UNNAMED,--add-opens=java.base/java.nio.charset=ALL-UNNAMED,--add-opens=java.base/java.net=ALL-UNNAMED,--add-opens=java.base/java.util.concurrent.atomic=ALL-UNNAMED,-Xmx2048m,-Dfile.encoding=UTF-8,-Duser.country=US,-Duser.language=en,-Duser.variant]
2023-09-12T14:03:59.843+0530 [DEBUG] [org.gradle.cache.internal.DefaultFileLockManager] Waiting to acquire exclusive lock on daemon addresses registry.
2023-09-12T14:03:59.847+0530 [DEBUG] [org.gradle.cache.internal.DefaultFileLockManager] Lock acquired on daemon addresses registry.
2023-09-12T14:03:59.852+0530 [DEBUG] [org.gradle.cache.internal.DefaultFileLockManager] Releasing lock on daemon addresses registry.
2023-09-12T14:03:59.852+0530 [LIFECYCLE] [org.gradle.launcher.daemon.server.Daemon] Daemon server started.
2023-09-12T14:03:59.854+0530 [DEBUG] [org.gradle.launcher.daemon.bootstrap.DaemonStartupCommunication] Completed writing the daemon greeting. Closing streams...
2023-09-12T14:03:59.862+0530 [DEBUG] [org.gradle.launcher.daemon.server.Daemon] stopOnExpiration() called on daemon
2023-09-12T14:03:59.863+0530 [DEBUG] [org.gradle.launcher.daemon.server.Daemon] awaitExpiration() called on daemon
2023-09-12T14:03:59.863+0530 [DEBUG] [org.gradle.launcher.daemon.server.DaemonStateCoordinator] daemon is running. Sleeping until state changes.
2023-09-12T14:03:59.869+0530 [DEBUG] [org.gradle.internal.remote.internal.inet.TcpIncomingConnector] Accepted connection from /127.0.0.1:14995 to /127.0.0.1:14993.
2023-09-12T14:03:59.961+0530 [DEBUG] [org.gradle.launcher.daemon.server.SynchronizedDispatchConnection] thread 22: received class org.gradle.launcher.daemon.protocol.Build
2023-09-12T14:03:59.961+0530 [DEBUG] [org.gradle.launcher.daemon.server.DefaultDaemonConnection] thread 22: Received non-IO message from client: Build{id=9c4ff313-6fa2-41d9-9e2a-9961768104af, currentDir=C:\Users\Exedos\AndroidStudioProjects\LivingWater}
2023-09-12T14:03:59.962+0530 [INFO] [org.gradle.launcher.daemon.server.DefaultIncomingConnectionHandler] Received command: Build{id=9c4ff313-6fa2-41d9-9e2a-9961768104af, currentDir=C:\Users\Exedos\AndroidStudioProjects\LivingWater}.
2023-09-12T14:03:59.962+0530 [DEBUG] [org.gradle.launcher.daemon.server.DefaultIncomingConnectionHandler] Starting executing command: Build{id=9c4ff313-6fa2-41d9-9e2a-9961768104af, currentDir=C:\Users\Exedos\AndroidStudioProjects\LivingWater} with connection: socket connection from /127.0.0.1:14993 to /127.0.0.1:14995.
2023-09-12T14:03:59.964+0530 [DEBUG] [org.gradle.launcher.daemon.server.DaemonStateCoordinator] Command execution: started DaemonCommandExecution[command = Build{id=9c4ff313-6fa2-41d9-9e2a-9961768104af, currentDir=C:\Users\Exedos\AndroidStudioProjects\LivingWater}, connection = DefaultDaemonConnection: socket connection from /127.0.0.1:14993 to /127.0.0.1:14995] after 0.0 minutes of idle
2023-09-12T14:03:59.965+0530 [INFO] [org.gradle.launcher.daemon.server.DaemonRegistryUpdater] Marking the daemon as busy, address: [cdaafe69-5bc0-43db-b92f-3763c0c294d3 port:14993, addresses:[localhost/127.0.0.1]]
2023-09-12T14:03:59.965+0530 [DEBUG] [org.gradle.launcher.daemon.registry.PersistentDaemonRegistry] Marking busy by address: [cdaafe69-5bc0-43db-b92f-3763c0c294d3 port:14993, addresses:[localhost/127.0.0.1]]
2023-09-12T14:03:59.966+0530 [DEBUG] [org.gradle.cache.internal.DefaultFileLockManager] Waiting to acquire exclusive lock on daemon addresses registry.
2023-09-12T14:03:59.966+0530 [DEBUG] [org.gradle.cache.internal.DefaultFileLockManager] Lock acquired on daemon addresses registry.
2023-09-12T14:03:59.967+0530 [DEBUG] [org.gradle.cache.internal.DefaultFileLockManager] Releasing lock on daemon addresses registry.
2023-09-12T14:03:59.967+0530 [DEBUG] [org.gradle.launcher.daemon.server.DaemonStateCoordinator] resetting idle timer
2023-09-12T14:03:59.967+0530 [DEBUG] [org.gradle.launcher.daemon.server.DaemonStateCoordinator] daemon is running. Sleeping until state changes.
2023-09-12T14:03:59.968+0530 [INFO] [org.gradle.launcher.daemon.server.exec.StartBuildOrRespondWithBusy] Daemon is about to start building Build{id=9c4ff313-6fa2-41d9-9e2a-9961768104af, currentDir=C:\Users\Exedos\AndroidStudioProjects\LivingWater}. Dispatching build started information...
2023-09-12T14:03:59.968+0530 [DEBUG] [org.gradle.launcher.daemon.server.SynchronizedDispatchConnection] thread 24: dispatching org.gradle.launcher.daemon.protocol.BuildStarted@6c8f498a
2023-09-12T14:03:59.969+0530 [DEBUG] [org.gradle.launcher.daemon.server.SynchronizedDispatchConnection] thread 22: received class org.gradle.launcher.daemon.protocol.CloseInput
2023-09-12T14:03:59.969+0530 [DEBUG] [org.gradle.launcher.daemon.server.DefaultDaemonConnection] thread 22: Received IO message from client: org.gradle.launcher.daemon.protocol.CloseInput@6ca87a8d
2023-09-12T14:03:59.969+0530 [DEBUG] [org.gradle.launcher.daemon.server.exec.EstablishBuildEnvironment] Configuring env variables: [USERDOMAIN_ROAMINGPROFILE, LOCALAPPDATA, ChocolateyLastPathUpdate, PROCESSOR_LEVEL, USERDOMAIN, LOGONSERVER, FPS_BROWSER_APP_PROFILE_STRING, SESSIONNAME, ALLUSERSPROFILE, PROCESSOR_ARCHITECTURE, PSModulePath, SystemDrive, asl.log, OneDrive, APPDATA, EFC_8664, USERNAME, ChocolateyInstall, ProgramFiles(x86), CommonProgramFiles, Path, FPS_BROWSER_USER_PROFILE_STRING, PATHEXT, DriverData, OS, OneDriveConsumer, COMPUTERNAME, PROCESSOR_REVISION, CommonProgramW6432, ComSpec, ProgramData, ProgramW6432, TEMP, HOMEPATH, SystemRoot, PROCESSOR_IDENTIFIER, HOMEDRIVE, USERPROFILE, TMP, CommonProgramFiles(x86), ProgramFiles, PUBLIC, windir, NUMBER_OF_PROCESSORS, =::, IDEA_INITIAL_DIRECTORY, ZES_ENABLE_SYSMAN]
2023-09-12T14:03:59.973+0530 [DEBUG] [org.gradle.launcher.daemon.server.exec.LogToClient] About to start relaying all logs to the client via the connection.
2023-09-12T14:03:59.974+0530 [INFO] [org.gradle.launcher.daemon.server.exec.LogToClient] The client will now receive all logging from the daemon (pid: 17128). The daemon log file: C:\Users\Exedos\AndroidStudioProjects\LivingWater\daemon\8.0\daemon-17128.out.log
2023-09-12T14:03:59.976+0530 [INFO] [org.gradle.launcher.daemon.server.exec.LogAndCheckHealth] Starting build in new daemon [memory: 2 GiB]
2023-09-12T14:03:59.977+0530 [INFO] [org.gradle.launcher.daemon.server.exec.ForwardClientInput] Closing daemon's stdin at end of input.
2023-09-12T14:03:59.977+0530 [INFO] [org.gradle.launcher.daemon.server.exec.ForwardClientInput] The daemon will no longer process any standard input.
2023-09-12T14:03:59.981+0530 [DEBUG] [org.gradle.launcher.daemon.server.exec.ExecuteBuild] The daemon has started executing the build.
2023-09-12T14:03:59.981+0530 [DEBUG] [org.gradle.launcher.daemon.server.exec.ExecuteBuild] Executing build with daemon context: DefaultDaemonContext[uid=ed911e76-f039-49b1-9e32-46f595f424a3,javaHome=C:\Program Files\Android\Android Studio1\jbr,daemonRegistryDir=C:\Users\Exedos\AndroidStudioProjects\LivingWater\daemon,pid=17128,idleTimeout=10800000,priority=NORMAL,daemonOpts=--add-opens=java.base/java.util=ALL-UNNAMED,--add-opens=java.base/java.lang=ALL-UNNAMED,--add-opens=java.base/java.lang.invoke=ALL-UNNAMED,--add-opens=java.prefs/java.util.prefs=ALL-UNNAMED,--add-opens=java.base/java.nio.charset=ALL-UNNAMED,--add-opens=java.base/java.net=ALL-UNNAMED,--add-opens=java.base/java.util.concurrent.atomic=ALL-UNNAMED,-Xmx2048m,-Dfile.encoding=UTF-8,-Duser.country=US,-Duser.language=en,-Duser.variant]

BUILD SUCCESSFUL in 14s
2023-09-12T14:04:13.011+0530 [DEBUG] [org.gradle.launcher.daemon.server.exec.ExecuteBuild] The daemon has finished executing the build.
2023-09-12T14:04:13.028+0530 [DEBUG] [org.gradle.launcher.daemon.server.DaemonStateCoordinator] daemon is running. Sleeping until state changes.
2023-09-12T14:04:13.029+0530 [DEBUG] [org.gradle.launcher.daemon.server.DaemonStateCoordinator] Command execution: finished waiting for DaemonCommandExecution[command = Build{id=9c4ff313-6fa2-41d9-9e2a-9961768104af, currentDir=C:\Users\Exedos\AndroidStudioProjects\LivingWater}, connection = DefaultDaemonConnection: socket connection from /127.0.0.1:14993 to /127.0.0.1:14995]. Result org.gradle.launcher.daemon.server.DaemonStateCoordinator@4a4ce8ff with state Busy
2023-09-12T14:04:13.030+0530 [DEBUG] [org.gradle.launcher.daemon.server.DaemonStateCoordinator] Command execution: completed DaemonCommandExecution[command = Build{id=9c4ff313-6fa2-41d9-9e2a-9961768104af, currentDir=C:\Users\Exedos\AndroidStudioProjects\LivingWater}, connection = DefaultDaemonConnection: socket connection from /127.0.0.1:14993 to /127.0.0.1:14995]
2023-09-12T14:04:13.030+0530 [DEBUG] [org.gradle.launcher.daemon.server.DaemonStateCoordinator] resetting idle timer
2023-09-12T14:04:13.030+0530 [INFO] [org.gradle.launcher.daemon.server.DaemonRegistryUpdater] Marking the daemon as idle, address: [cdaafe69-5bc0-43db-b92f-3763c0c294d3 port:14993, addresses:[localhost/127.0.0.1]]
2023-09-12T14:04:13.030+0530 [DEBUG] [org.gradle.launcher.daemon.registry.PersistentDaemonRegistry] Marking busy by address: [cdaafe69-5bc0-43db-b92f-3763c0c294d3 port:14993, addresses:[localhost/127.0.0.1]]
2023-09-12T14:04:13.032+0530 [DEBUG] [org.gradle.cache.internal.DefaultFileLockManager] Waiting to acquire exclusive lock on daemon addresses registry.
2023-09-12T14:04:13.032+0530 [DEBUG] [org.gradle.cache.internal.DefaultFileLockManager] Lock acquired on daemon addresses registry.
2023-09-12T14:04:13.034+0530 [DEBUG] [org.gradle.cache.internal.DefaultFileLockManager] Releasing lock on daemon addresses registry.
2023-09-12T14:04:13.035+0530 [DEBUG] [org.gradle.launcher.daemon.server.DaemonStateCoordinator] daemon is running. Sleeping until state changes.
2023-09-12T14:04:13.035+0530 [DEBUG] [org.gradle.launcher.daemon.server.exec.ReturnResult] Daemon is dispatching the build result: Success[value=org.gradle.launcher.exec.BuildActionResult@cb84a36]
2023-09-12T14:04:13.035+0530 [DEBUG] [org.gradle.launcher.daemon.server.SynchronizedDispatchConnection] thread 21: dispatching Success[value=org.gradle.launcher.exec.BuildActionResult@cb84a36]
2023-09-12T14:04:13.036+0530 [DEBUG] [org.gradle.launcher.daemon.server.DefaultIncomingConnectionHandler] Finishing executing command: Build{id=9c4ff313-6fa2-41d9-9e2a-9961768104af, currentDir=C:\Users\Exedos\AndroidStudioProjects\LivingWater}
2023-09-12T14:04:13.036+0530 [DEBUG] [org.gradle.launcher.daemon.server.SynchronizedDispatchConnection] thread 22: received class org.gradle.launcher.daemon.protocol.Finished
2023-09-12T14:04:13.037+0530 [DEBUG] [org.gradle.launcher.daemon.server.DefaultDaemonConnection] thread 22: Received non-IO message from client: org.gradle.launcher.daemon.protocol.Finished@18a7d23c
2023-09-12T14:04:13.037+0530 [DEBUG] [org.gradle.launcher.daemon.server.DefaultIncomingConnectionHandler] Received finished message: org.gradle.launcher.daemon.protocol.Finished@18a7d23c
2023-09-12T14:04:13.037+0530 [DEBUG] [org.gradle.launcher.daemon.server.SynchronizedDispatchConnection] thread 21: stopping connection
2023-09-12T14:04:13.037+0530 [DEBUG] [org.gradle.internal.remote.internal.inet.SocketConnection] Discarding EOFException: java.io.EOFException
2023-09-12T14:04:13.037+0530 [DEBUG] [org.gradle.launcher.daemon.server.SynchronizedDispatchConnection] thread 22: received null
2023-09-12T14:04:13.038+0530 [DEBUG] [org.gradle.launcher.daemon.server.DefaultDaemonConnection] thread 22: Received end-of-input from client.
2023-09-12T14:04:13.039+0530 [DEBUG] [org.gradle.launcher.daemon.server.SynchronizedDispatchConnection] thread 21: stopping connection
2023-09-12T14:04:16.722+0530 [DEBUG] [org.gradle.process.internal.health.memory.DefaultMemoryManager] 835920281 memory requested, 447709184 free
2023-09-12T14:04:16.722+0530 [DEBUG] [org.gradle.workers.internal.WorkerDaemonExpiration] Will attempt to release 797 of memory
2023-09-12T14:04:16.723+0530 [DEBUG] [org.gradle.process.internal.health.memory.DefaultMemoryManager] 835920281 memory requested, 0 released, 447709184 free
2023-09-12T14:04:19.877+0530 [DEBUG] [org.gradle.cache.internal.DefaultFileLockManager] Waiting to acquire shared lock on daemon addresses registry.
2023-09-12T14:04:19.878+0530 [DEBUG] [org.gradle.cache.internal.DefaultFileLockManager] Lock acquired on daemon addresses registry.
2023-09-12T14:04:19.878+0530 [DEBUG] [org.gradle.cache.internal.DefaultFileLockManager] Releasing lock on daemon addresses registry.
2023-09-12T14:04:19.883+0530 [DEBUG] [org.gradle.cache.internal.DefaultFileLockManager] Waiting to acquire shared lock on daemon addresses registry.
2023-09-12T14:04:19.884+0530 [DEBUG] [org.gradle.cache.internal.DefaultFileLockManager] Lock acquired on daemon addresses registry.
2023-09-12T14:04:19.885+0530 [DEBUG] [org.gradle.cache.internal.DefaultFileLockManager] Releasing lock on daemon addresses registry.
2023-09-12T14:04:21.717+0530 [DEBUG] [org.gradle.process.internal.health.memory.DefaultMemoryManager] 835920281 memory requested, 451256320 free
2023-09-12T14:04:21.717+0530 [DEBUG] [org.gradle.workers.internal.WorkerDaemonExpiration] Will attempt to release 797 of memory
2023-09-12T14:04:21.717+0530 [DEBUG] [org.gradle.process.internal.health.memory.DefaultMemoryManager] 835920281 memory requested, 0 released, 451256320 free
2023-09-12T14:04:26.720+0530 [DEBUG] [org.gradle.process.internal.health.memory.DefaultMemoryManager] 835920281 memory requested, 451514368 free
2023-09-12T14:04:26.720+0530 [DEBUG] [org.gradle.workers.internal.WorkerDaemonExpiration] Will attempt to release 797 of memory
2023-09-12T14:04:26.721+0530 [DEBUG] [org.gradle.process.internal.health.memory.DefaultMemoryManager] 835920281 memory requested, 0 released, 451514368 free
2023-09-12T14:04:29.867+0530 [DEBUG] [org.gradle.cache.internal.DefaultFileLockManager] Waiting to acquire shared lock on daemon addresses registry.
2023-09-12T14:04:29.868+0530 [DEBUG] [org.gradle.cache.internal.DefaultFileLockManager] Lock acquired on daemon addresses registry.
2023-09-12T14:04:29.869+0530 [DEBUG] [org.gradle.cache.internal.DefaultFileLockManager] Releasing lock on daemon addresses registry.
2023-09-12T14:04:29.873+0530 [DEBUG] [org.gradle.cache.internal.DefaultFileLockManager] Waiting to acquire shared lock on daemon addresses registry.
2023-09-12T14:04:29.874+0530 [DEBUG] [org.gradle.cache.internal.DefaultFileLockManager] Lock acquired on daemon addresses registry.
2023-09-12T14:04:29.874+0530 [DEBUG] [org.gradle.cache.internal.DefaultFileLockManager] Releasing lock on daemon addresses registry.
2023-09-12T14:04:29.877+0530 [DEBUG] [org.gradle.cache.internal.DefaultFileLockManager] Waiting to acquire shared lock on daemon addresses registry.
2023-09-12T14:04:29.878+0530 [DEBUG] [org.gradle.cache.internal.DefaultFileLockManager] Lock acquired on daemon addresses registry.
2023-09-12T14:04:29.879+0530 [DEBUG] [org.gradle.cache.internal.DefaultFileLockManager] Releasing lock on daemon addresses registry.
2023-09-12T14:04:31.728+0530 [DEBUG] [org.gradle.process.internal.health.memory.DefaultMemoryManager] 835920281 memory requested, 453840896 free
2023-09-12T14:04:31.728+0530 [DEBUG] [org.gradle.workers.internal.WorkerDaemonExpiration] Will attempt to release 797 of memory
2023-09-12T14:04:31.728+0530 [DEBUG] [org.gradle.process.internal.health.memory.DefaultMemoryManager] 835920281 memory requested, 0 released, 453840896 free
2023-09-12T14:04:36.718+0530 [DEBUG] [org.gradle.process.internal.health.memory.DefaultMemoryManager] 835920281 memory requested, 454705152 free
2023-09-12T14:04:36.718+0530 [DEBUG] [org.gradle.workers.internal.WorkerDaemonExpiration] Will attempt to release 797 of memory
2023-09-12T14:04:36.719+0530 [DEBUG] [org.gradle.process.internal.health.memory.DefaultMemoryManager] 835920281 memory requested, 0 released, 454705152 free
2023-09-12T14:04:39.866+0530 [DEBUG] [org.gradle.cache.internal.DefaultFileLockManager] Waiting to acquire shared lock on daemon addresses registry.
2023-09-12T14:04:39.867+0530 [DEBUG] [org.gradle.cache.internal.DefaultFileLockManager] Lock acquired on daemon addresses registry.
2023-09-12T14:04:39.868+0530 [DEBUG] [org.gradle.cache.internal.DefaultFileLockManager] Releasing lock on daemon addresses registry.
2023-09-12T14:04:39.872+0530 [DEBUG] [org.gradle.cache.internal.DefaultFileLockManager] Waiting to acquire shared lock on daemon addresses registry.
2023-09-12T14:04:39.872+0530 [DEBUG] [org.gradle.cache.internal.DefaultFileLockManager] Lock acquired on daemon addresses registry.
2023-09-12T14:04:39.873+0530 [DEBUG] [org.gradle.cache.internal.DefaultFileLockManager] Releasing lock on daemon addresses registry.
2023-09-12T14:04:39.876+0530 [DEBUG] [org.gradle.cache.internal.DefaultFileLockManager] Waiting to acquire shared lock on daemon addresses registry.
2023-09-12T14:04:39.876+0530 [DEBUG] [org.gradle.cache.internal.DefaultFileLockManager] Lock acquired on daemon addresses registry.
2023-09-12T14:04:39.877+0530 [DEBUG] [org.gradle.cache.internal.DefaultFileLockManager] Releasing lock on daemon addresses registry.
2023-09-12T14:04:41.725+0530 [DEBUG] [org.gradle.process.internal.health.memory.DefaultMemoryManager] 835920281 memory requested, 451616768 free
2023-09-12T14:04:41.726+0530 [DEBUG] [org.gradle.workers.internal.WorkerDaemonExpiration] Will attempt to release 797 of memory
2023-09-12T14:04:41.726+0530 [DEBUG] [org.gradle.process.internal.health.memory.DefaultMemoryManager] 835920281 memory requested, 0 released, 451616768 free
2023-09-12T14:04:46.730+0530 [DEBUG] [org.gradle.process.internal.health.memory.DefaultMemoryManager] 835920281 memory requested, 407117824 free
2023-09-12T14:04:46.730+0530 [DEBUG] [org.gradle.workers.internal.WorkerDaemonExpiration] Will attempt to release 797 of memory
2023-09-12T14:04:46.731+0530 [DEBUG] [org.gradle.process.internal.health.memory.DefaultMemoryManager] 835920281 memory requested, 0 released, 407117824 free
2023-09-12T14:04:49.876+0530 [DEBUG] [org.gradle.cache.internal.DefaultFileLockManager] Waiting to acquire shared lock on daemon addresses registry.
2023-09-12T14:04:49.876+0530 [DEBUG] [org.gradle.cache.internal.DefaultFileLockManager] Lock acquired on daemon addresses registry.
2023-09-12T14:04:49.876+0530 [DEBUG] [org.gradle.cache.internal.DefaultFileLockManager] Releasing lock on daemon addresses registry.
2023-09-12T14:04:49.879+0530 [DEBUG] [org.gradle.cache.internal.DefaultFileLockManager] Waiting to acquire shared lock on daemon addresses registry.
2023-09-12T14:04:49.879+0530 [DEBUG] [org.gradle.cache.internal.DefaultFileLockManager] Lock acquired on daemon addresses registry.
2023-09-12T14:04:49.879+0530 [DEBUG] [org.gradle.cache.internal.DefaultFileLockManager] Releasing lock on daemon addresses registry.
2023-09-12T14:04:49.881+0530 [DEBUG] [org.gradle.cache.internal.DefaultFileLockManager] Waiting to acquire shared lock on daemon addresses registry.
2023-09-12T14:04:49.881+0530 [DEBUG] [org.gradle.cache.internal.DefaultFileLockManager] Lock acquired on daemon addresses registry.
2023-09-12T14:04:49.881+0530 [DEBUG] [org.gradle.cache.internal.DefaultFileLockManager] Releasing lock on daemon addresses registry.
2023-09-12T14:04:51.719+0530 [DEBUG] [org.gradle.process.internal.health.memory.DefaultMemoryManager] 835920281 memory requested, 422588416 free
2023-09-12T14:04:51.719+0530 [DEBUG] [org.gradle.workers.internal.WorkerDaemonExpiration] Will attempt to release 797 of memory
2023-09-12T14:04:51.719+0530 [DEBUG] [org.gradle.process.internal.health.memory.DefaultMemoryManager] 835920281 memory requested, 0 released, 422588416 free
2023-09-12T14:04:56.726+0530 [DEBUG] [org.gradle.process.internal.health.memory.DefaultMemoryManager] 835920281 memory requested, 423911424 free
2023-09-12T14:04:56.727+0530 [DEBUG] [org.gradle.workers.internal.WorkerDaemonExpiration] Will attempt to release 797 of memory
2023-09-12T14:04:56.727+0530 [DEBUG] [org.gradle.process.internal.health.memory.DefaultMemoryManager] 835920281 memory requested, 0 released, 423911424 free
2023-09-12T14:04:59.881+0530 [DEBUG] [org.gradle.cache.internal.DefaultFileLockManager] Waiting to acquire shared lock on daemon addresses registry.
2023-09-12T14:04:59.881+0530 [DEBUG] [org.gradle.cache.internal.DefaultFileLockManager] Lock acquired on daemon addresses registry.
2023-09-12T14:04:59.881+0530 [DEBUG] [org.gradle.cache.internal.DefaultFileLockManager] Releasing lock on daemon addresses registry.
2023-09-12T14:04:59.883+0530 [DEBUG] [org.gradle.cache.internal.DefaultFileLockManager] Waiting to acquire shared lock on daemon addresses registry.
2023-09-12T14:04:59.884+0530 [DEBUG] [org.gradle.cache.internal.DefaultFileLockManager] Lock acquired on daemon addresses registry.
2023-09-12T14:04:59.884+0530 [DEBUG] [org.gradle.cache.internal.DefaultFileLockManager] Releasing lock on daemon addresses registry.
2023-09-12T14:04:59.885+0530 [DEBUG] [org.gradle.cache.internal.DefaultFileLockManager] Waiting to acquire shared lock on daemon addresses registry.
2023-09-12T14:04:59.886+0530 [DEBUG] [org.gradle.cache.internal.DefaultFileLockManager] Lock acquired on daemon addresses registry.
2023-09-12T14:04:59.886+0530 [DEBUG] [org.gradle.cache.internal.DefaultFileLockManager] Releasing lock on daemon addresses registry.
2023-09-12T14:05:01.726+0530 [DEBUG] [org.gradle.process.internal.health.memory.DefaultMemoryManager] 835920281 memory requested, 427515904 free
2023-09-12T14:05:01.727+0530 [DEBUG] [org.gradle.workers.internal.WorkerDaemonExpiration] Will attempt to release 797 of memory
2023-09-12T14:05:01.727+0530 [DEBUG] [org.gradle.process.internal.health.memory.DefaultMemoryManager] 835920281 memory requested, 0 released, 427515904 free
2023-09-12T14:05:06.721+0530 [DEBUG] [org.gradle.process.internal.health.memory.DefaultMemoryManager] 835920281 memory requested, 408997888 free
2023-09-12T14:05:06.722+0530 [DEBUG] [org.gradle.workers.internal.WorkerDaemonExpiration] Will attempt to release 797 of memory
2023-09-12T14:05:06.723+0530 [DEBUG] [org.gradle.process.internal.health.memory.DefaultMemoryManager] 835920281 memory requested, 0 released, 408997888 free
2023-09-12T14:05:09.873+0530 [DEBUG] [org.gradle.cache.internal.DefaultFileLockManager] Waiting to acquire shared lock on daemon addresses registry.
2023-09-12T14:05:09.873+0530 [DEBUG] [org.gradle.cache.internal.DefaultFileLockManager] Lock acquired on daemon addresses registry.
2023-09-12T14:05:09.874+0530 [DEBUG] [org.gradle.cache.internal.DefaultFileLockManager] Releasing lock on daemon addresses registry.
2023-09-12T14:05:09.880+0530 [DEBUG] [org.gradle.cache.internal.DefaultFileLockManager] Waiting to acquire shared lock on daemon addresses registry.
2023-09-12T14:05:09.880+0530 [DEBUG] [org.gradle.cache.internal.DefaultFileLockManager] Lock acquired on daemon addresses registry.
2023-09-12T14:05:09.881+0530 [DEBUG] [org.gradle.cache.internal.DefaultFileLockManager] Releasing lock on daemon addresses registry.
2023-09-12T14:05:09.884+0530 [DEBUG] [org.gradle.cache.internal.DefaultFileLockManager] Waiting to acquire shared lock on daemon addresses registry.
2023-09-12T14:05:09.885+0530 [DEBUG] [org.gradle.cache.internal.DefaultFileLockManager] Lock acquired on daemon addresses registry.
2023-09-12T14:05:09.885+0530 [DEBUG] [org.gradle.cache.internal.DefaultFileLockManager] Releasing lock on daemon addresses registry.
2023-09-12T14:05:11.717+0530 [DEBUG] [org.gradle.process.internal.health.memory.DefaultMemoryManager] 835920281 memory requested, 510439424 free
2023-09-12T14:05:11.718+0530 [DEBUG] [org.gradle.workers.internal.WorkerDaemonExpiration] Will attempt to release 797 of memory
2023-09-12T14:05:11.719+0530 [DEBUG] [org.gradle.process.internal.health.memory.DefaultMemoryManager] 835920281 memory requested, 0 released, 510439424 free
2023-09-12T14:05:16.728+0530 [DEBUG] [org.gradle.process.internal.health.memory.DefaultMemoryManager] 835920281 memory requested, 507367424 free
2023-09-12T14:05:16.729+0530 [DEBUG] [org.gradle.workers.internal.WorkerDaemonExpiration] Will attempt to release 797 of memory
2023-09-12T14:05:16.730+0530 [DEBUG] [org.gradle.process.internal.health.memory.DefaultMemoryManager] 835920281 memory requested, 0 released, 507367424 free
2023-09-12T14:05:19.877+0530 [DEBUG] [org.gradle.cache.internal.DefaultFileLockManager] Waiting to acquire shared lock on daemon addresses registry.
2023-09-12T14:05:19.878+0530 [DEBUG] [org.gradle.cache.internal.DefaultFileLockManager] Lock acquired on daemon addresses registry.
2023-09-12T14:05:19.879+0530 [DEBUG] [org.gradle.cache.internal.DefaultFileLockManager] Releasing lock on daemon addresses registry.
2023-09-12T14:05:19.885+0530 [DEBUG] [org.gradle.cache.internal.DefaultFileLockManager] Waiting to acquire shared lock on daemon addresses registry.
2023-09-12T14:05:19.886+0530 [DEBUG] [org.gradle.cache.internal.DefaultFileLockManager] Lock acquired on daemon addresses registry.
2023-09-12T14:05:19.887+0530 [DEBUG] [org.gradle.cache.internal.DefaultFileLockManager] Releasing lock on daemon addresses registry.
2023-09-12T14:05:19.889+0530 [DEBUG] [org.gradle.cache.internal.DefaultFileLockManager] Waiting to acquire shared lock on daemon addresses registry.
2023-09-12T14:05:19.890+0530 [DEBUG] [org.gradle.cache.internal.DefaultFileLockManager] Lock acquired on daemon addresses registry.
2023-09-12T14:05:19.891+0530 [DEBUG] [org.gradle.cache.internal.DefaultFileLockManager] Releasing lock on daemon addresses registry.
2023-09-12T14:05:21.726+0530 [DEBUG] [org.gradle.process.internal.health.memory.DefaultMemoryManager] 835920281 memory requested, 507035648 free
2023-09-12T14:05:21.726+0530 [DEBUG] [org.gradle.workers.internal.WorkerDaemonExpiration] Will attempt to release 797 of memory
2023-09-12T14:05:21.726+0530 [DEBUG] [org.gradle.process.internal.health.memory.DefaultMemoryManager] 835920281 memory requested, 0 released, 507035648 free
2023-09-12T14:05:26.720+0530 [DEBUG] [org.gradle.process.internal.health.memory.DefaultMemoryManager] 835920281 memory requested, 457768960 free
2023-09-12T14:05:26.720+0530 [DEBUG] [org.gradle.workers.internal.WorkerDaemonExpiration] Will attempt to release 797 of memory
2023-09-12T14:05:26.720+0530 [DEBUG] [org.gradle.process.internal.health.memory.DefaultMemoryManager] 835920281 memory requested, 0 released, 457768960 free
2023-09-12T14:05:29.873+0530 [DEBUG] [org.gradle.cache.internal.DefaultFileLockManager] Waiting to acquire shared lock on daemon addresses registry.
2023-09-12T14:05:29.874+0530 [DEBUG] [org.gradle.cache.internal.DefaultFileLockManager] Lock acquired on daemon addresses registry.
2023-09-12T14:05:29.875+0530 [DEBUG] [org.gradle.cache.internal.DefaultFileLockManager] Releasing lock on daemon addresses registry.
2023-09-12T14:05:29.877+0530 [DEBUG] [org.gradle.cache.internal.DefaultFileLockManager] Waiting to acquire shared lock on daemon addresses registry.
2023-09-12T14:05:29.877+0530 [DEBUG] [org.gradle.cache.internal.DefaultFileLockManager] Lock acquired on daemon addresses registry.
2023-09-12T14:05:29.877+0530 [DEBUG] [org.gradle.cache.internal.DefaultFileLockManager] Releasing lock on daemon addresses registry.
2023-09-12T14:05:29.878+0530 [DEBUG] [org.gradle.cache.internal.DefaultFileLockManager] Waiting to acquire shared lock on daemon addresses registry.
2023-09-12T14:05:29.878+0530 [DEBUG] [org.gradle.cache.internal.DefaultFileLockManager] Lock acquired on daemon addresses registry.
2023-09-12T14:05:29.878+0530 [DEBUG] [org.gradle.cache.internal.DefaultFileLockManager] Releasing lock on daemon addresses registry.
2023-09-12T14:05:31.724+0530 [DEBUG] [org.gradle.process.internal.health.memory.DefaultMemoryManager] 835920281 memory requested, 426344448 free
2023-09-12T14:05:31.725+0530 [DEBUG] [org.gradle.workers.internal.WorkerDaemonExpiration] Will attempt to release 797 of memory
2023-09-12T14:05:31.725+0530 [DEBUG] [org.gradle.process.internal.health.memory.DefaultMemoryManager] 835920281 memory requested, 0 released, 426344448 free
2023-09-12T14:05:35.753+0530 [DEBUG] [org.gradle.cache.internal.LockOnDemandCrossProcessCacheAccess] Lock on jars (C:\Users\Exedos\AndroidStudioProjects\LivingWater\caches\jars-9) requested by another process - releasing lock.
2023-09-12T14:05:35.753+0530 [DEBUG] [org.gradle.cache.internal.LockOnDemandCrossProcessCacheAccess] Releasing file lock for jars (C:\Users\Exedos\AndroidStudioProjects\LivingWater\caches\jars-9)
2023-09-12T14:05:35.753+0530 [DEBUG] [org.gradle.cache.internal.DefaultFileLockManager] Releasing lock on jars (C:\Users\Exedos\AndroidStudioProjects\LivingWater\caches\jars-9).
2023-09-12T14:05:35.755+0530 [DEBUG] [org.gradle.cache.internal.locklistener.FileLockCommunicator] Confirming lock release to Gradle process at port 58075 for lock with id -3710055252067457756.
2023-09-12T14:05:35.755+0530 [DEBUG] [org.gradle.cache.internal.locklistener.FileLockCommunicator] Confirming lock release to Gradle process at port 58075 for lock with id -3710055252067457756.
2023-09-12T14:05:35.772+0530 [DEBUG] [org.gradle.cache.internal.LockOnDemandCrossProcessCacheAccess] Lock on journal cache (C:\Users\Exedos\AndroidStudioProjects\LivingWater\caches\journal-1) requested by another process - releasing lock.
2023-09-12T14:05:35.772+0530 [DEBUG] [org.gradle.cache.internal.LockOnDemandCrossProcessCacheAccess] Releasing file lock for journal cache (C:\Users\Exedos\AndroidStudioProjects\LivingWater\caches\journal-1)
2023-09-12T14:05:35.772+0530 [DEBUG] [org.gradle.cache.internal.btree.BTreePersistentIndexedCache] Closing cache file-access.bin (C:\Users\Exedos\AndroidStudioProjects\LivingWater\caches\journal-1\file-access.bin)
2023-09-12T14:05:35.773+0530 [DEBUG] [org.gradle.cache.internal.DefaultFileLockManager] Releasing lock on journal cache (C:\Users\Exedos\AndroidStudioProjects\LivingWater\caches\journal-1).
2023-09-12T14:05:35.773+0530 [DEBUG] [org.gradle.cache.internal.locklistener.FileLockCommunicator] Confirming lock release to Gradle process at port 58075 for lock with id -4874700985954033524.
2023-09-12T14:05:35.773+0530 [DEBUG] [org.gradle.cache.internal.locklistener.FileLockCommunicator] Confirming lock release to Gradle process at port 58075 for lock with id -4874700985954033524.
2023-09-12T14:05:35.852+0530 [DEBUG] [org.gradle.cache.internal.LockOnDemandCrossProcessCacheAccess] Lock on file hash cache (C:\Users\Exedos\AndroidStudioProjects\LivingWater\caches\8.0\fileHashes) requested by another process - releasing lock.
2023-09-12T14:05:35.852+0530 [DEBUG] [org.gradle.cache.internal.LockOnDemandCrossProcessCacheAccess] Releasing file lock for file hash cache (C:\Users\Exedos\AndroidStudioProjects\LivingWater\caches\8.0\fileHashes)
2023-09-12T14:05:35.852+0530 [DEBUG] [org.gradle.cache.internal.btree.BTreePersistentIndexedCache] Closing cache fileHashes.bin (C:\Users\Exedos\AndroidStudioProjects\LivingWater\caches\8.0\fileHashes\fileHashes.bin)
2023-09-12T14:05:35.852+0530 [DEBUG] [org.gradle.cache.internal.btree.BTreePersistentIndexedCache] Closing cache resourceHashesCache.bin (C:\Users\Exedos\AndroidStudioProjects\LivingWater\caches\8.0\fileHashes\resourceHashesCache.bin)
2023-09-12T14:05:35.853+0530 [DEBUG] [org.gradle.cache.internal.DefaultFileLockManager] Releasing lock on file hash cache (C:\Users\Exedos\AndroidStudioProjects\LivingWater\caches\8.0\fileHashes).
2023-09-12T14:05:35.853+0530 [DEBUG] [org.gradle.cache.internal.locklistener.FileLockCommunicator] Confirming lock release to Gradle process at port 58075 for lock with id -4695684966469645709.
2023-09-12T14:05:35.853+0530 [DEBUG] [org.gradle.cache.internal.locklistener.FileLockCommunicator] Confirming lock release to Gradle process at port 58075 for lock with id -4695684966469645709.
2023-09-12T14:05:35.940+0530 [DEBUG] [org.gradle.cache.internal.LockOnDemandCrossProcessCacheAccess] Lock on artifact cache (C:\Users\Exedos\AndroidStudioProjects\LivingWater\caches\modules-2) requested by another process - releasing lock.
2023-09-12T14:05:35.940+0530 [DEBUG] [org.gradle.cache.internal.LockOnDemandCrossProcessCacheAccess] Releasing file lock for artifact cache (C:\Users\Exedos\AndroidStudioProjects\LivingWater\caches\modules-2)
2023-09-12T14:05:35.940+0530 [DEBUG] [org.gradle.cache.internal.btree.BTreePersistentIndexedCache] Closing cache module-metadata.bin (C:\Users\Exedos\AndroidStudioProjects\LivingWater\caches\modules-2\metadata-2.100\module-metadata.bin)
2023-09-12T14:05:35.940+0530 [DEBUG] [org.gradle.cache.internal.btree.BTreePersistentIndexedCache] Closing cache module-artifact.bin (C:\Users\Exedos\AndroidStudioProjects\LivingWater\caches\modules-2\metadata-2.100\module-artifact.bin)
2023-09-12T14:05:35.940+0530 [DEBUG] [org.gradle.cache.internal.btree.BTreePersistentIndexedCache] Closing cache module-artifacts.bin (C:\Users\Exedos\AndroidStudioProjects\LivingWater\caches\modules-2\metadata-2.100\module-artifacts.bin)
2023-09-12T14:05:35.941+0530 [DEBUG] [org.gradle.cache.internal.DefaultFileLockManager] Releasing lock on artifact cache (C:\Users\Exedos\AndroidStudioProjects\LivingWater\caches\modules-2).
2023-09-12T14:05:35.941+0530 [DEBUG] [org.gradle.cache.internal.locklistener.FileLockCommunicator] Confirming lock release to Gradle process at port 58075 for lock with id 352928484252492757.
2023-09-12T14:05:35.942+0530 [DEBUG] [org.gradle.cache.internal.locklistener.FileLockCommunicator] Confirming lock release to Gradle process at port 58075 for lock with id 352928484252492757.
2023-09-12T14:05:36.725+0530 [DEBUG] [org.gradle.process.internal.health.memory.DefaultMemoryManager] 835920281 memory requested, 254529536 free
2023-09-12T14:05:36.725+0530 [DEBUG] [org.gradle.workers.internal.WorkerDaemonExpiration] Will attempt to release 797 of memory
2023-09-12T14:05:36.726+0530 [DEBUG] [org.gradle.process.internal.health.memory.DefaultMemoryManager] 835920281 memory requested, 0 released, 254529536 free
2023-09-12T14:05:39.870+0530 [DEBUG] [org.gradle.cache.internal.DefaultFileLockManager] Waiting to acquire shared lock on daemon addresses registry.
2023-09-12T14:05:39.870+0530 [DEBUG] [org.gradle.cache.internal.DefaultFileLockManager] Lock acquired on daemon addresses registry.
2023-09-12T14:05:39.870+0530 [DEBUG] [org.gradle.cache.internal.DefaultFileLockManager] Releasing lock on daemon addresses registry.
2023-09-12T14:05:39.871+0530 [DEBUG] [org.gradle.cache.internal.DefaultFileLockManager] Waiting to acquire shared lock on daemon addresses registry.
2023-09-12T14:05:39.871+0530 [DEBUG] [org.gradle.cache.internal.DefaultFileLockManager] Lock acquired on daemon addresses registry.
2023-09-12T14:05:39.872+0530 [DEBUG] [org.gradle.cache.internal.DefaultFileLockManager] Releasing lock on daemon addresses registry.
2023-09-12T14:05:39.872+0530 [INFO] [org.gradle.launcher.daemon.server.health.LowMemoryDaemonExpirationStrategy] after free system memory (242.7 MiB) fell below threshold of 398.5 MiB
2023-09-12T14:05:39.873+0530 [DEBUG] [org.gradle.cache.internal.DefaultFileLockManager] Waiting to acquire shared lock on daemon addresses registry.
2023-09-12T14:05:39.873+0530 [DEBUG] [org.gradle.cache.internal.DefaultFileLockManager] Lock acquired on daemon addresses registry.
2023-09-12T14:05:39.874+0530 [DEBUG] [org.gradle.cache.internal.DefaultFileLockManager] Releasing lock on daemon addresses registry.
2023-09-12T14:05:39.874+0530 [DEBUG] [org.gradle.launcher.daemon.server.DaemonRegistryUpdater] Storing daemon stop event: after being idle for 1 minutes and not recently used and to reclaim system memory
2023-09-12T14:05:39.875+0530 [DEBUG] [org.gradle.launcher.daemon.registry.PersistentDaemonRegistry] Storing daemon stop event with timestamp 1694507739874
2023-09-12T14:05:39.875+0530 [DEBUG] [org.gradle.cache.internal.DefaultFileLockManager] Waiting to acquire exclusive lock on daemon addresses registry.
2023-09-12T14:05:39.875+0530 [DEBUG] [org.gradle.cache.internal.DefaultFileLockManager] Lock acquired on daemon addresses registry.
2023-09-12T14:05:39.876+0530 [DEBUG] [org.gradle.cache.internal.DefaultFileLockManager] Releasing lock on daemon addresses registry.
2023-09-12T14:05:39.876+0530 [LIFECYCLE] [org.gradle.launcher.daemon.server.DaemonStateCoordinator] Daemon will be stopped at the end of the build after being idle for 1 minutes and not recently used and to reclaim system memory
2023-09-12T14:05:39.876+0530 [DEBUG] [org.gradle.launcher.daemon.server.DaemonStateCoordinator] Marking daemon stopped due to after being idle for 1 minutes and not recently used and to reclaim system memory. The daemon is running a build: false
2023-09-12T14:05:39.877+0530 [DEBUG] [org.gradle.launcher.daemon.server.DaemonStateCoordinator] daemon has stopped.
2023-09-12T14:05:39.877+0530 [DEBUG] [org.gradle.launcher.daemon.server.Daemon] stop() called on daemon
2023-09-12T14:05:39.877+0530 [INFO] [org.gradle.launcher.daemon.server.Daemon] Stop requested. Daemon is removing its presence from the registry...
2023-09-12T14:05:39.877+0530 [DEBUG] [org.gradle.launcher.daemon.server.DaemonRegistryUpdater] Removing our presence to clients, eg. removing this address from the registry: [cdaafe69-5bc0-43db-b92f-3763c0c294d3 port:14993, addresses:[localhost/127.0.0.1]]
2023-09-12T14:05:39.878+0530 [DEBUG] [org.gradle.launcher.daemon.registry.PersistentDaemonRegistry] Removing daemon address: [cdaafe69-5bc0-43db-b92f-3763c0c294d3 port:14993, addresses:[localhost/127.0.0.1]]
2023-09-12T14:05:39.879+0530 [DEBUG] [org.gradle.cache.internal.DefaultFileLockManager] Waiting to acquire exclusive lock on daemon addresses registry.
2023-09-12T14:05:39.879+0530 [DEBUG] [org.gradle.cache.internal.DefaultFileLockManager] Lock acquired on daemon addresses registry.
2023-09-12T14:05:39.881+0530 [DEBUG] [org.gradle.cache.internal.DefaultFileLockManager] Releasing lock on daemon addresses registry.
2023-09-12T14:05:39.881+0530 [DEBUG] [org.gradle.launcher.daemon.server.DaemonRegistryUpdater] Address removed from registry.
2023-09-12T14:05:39.882+0530 [DEBUG] [org.gradle.cache.internal.DefaultPersistentDirectoryStore] jars (C:\Users\Exedos\AndroidStudioProjects\LivingWater\caches\jars-9) has last been fully cleaned up 89 hours ago
2023-09-12T14:05:39.886+0530 [INFO] [org.gradle.cache.internal.AbstractCacheCleanup] jars (C:\Users\Exedos\AndroidStudioProjects\LivingWater\caches\jars-9) cleanup deleted 0 files/directories.
2023-09-12T14:05:39.887+0530 [INFO] [org.gradle.cache.internal.LeastRecentlyUsedCacheCleanup] jars (C:\Users\Exedos\AndroidStudioProjects\LivingWater\caches\jars-9) removing files not accessed on or after Tue Sep 05 14:04:03 IST 2023.
2023-09-12T14:05:39.888+0530 [DEBUG] [org.gradle.cache.internal.LockOnDemandCrossProcessCacheAccess] Acquiring file lock for journal cache (C:\Users\Exedos\AndroidStudioProjects\LivingWater\caches\journal-1)
2023-09-12T14:05:39.888+0530 [DEBUG] [org.gradle.cache.internal.DefaultFileLockManager] Waiting to acquire exclusive lock on journal cache (C:\Users\Exedos\AndroidStudioProjects\LivingWater\caches\journal-1).
2023-09-12T14:05:39.889+0530 [DEBUG] [org.gradle.cache.internal.DefaultFileLockManager] The file lock for journal cache (C:\Users\Exedos\AndroidStudioProjects\LivingWater\caches\journal-1) is held by a different Gradle process (pid: 12552, lockId: 8250725440144086704). Pinged owner at port 58075
2023-09-12T14:05:39.890+0530 [DEBUG] [org.gradle.cache.internal.locklistener.DefaultFileLockContentionHandler] Gradle process at port 58075 confirmed unlock request for lock with id 8250725440144086704.
2023-09-12T14:05:39.890+0530 [DEBUG] [org.gradle.cache.internal.locklistener.DefaultFileLockContentionHandler] Gradle process at port 58075 confirmed unlock request for lock with id 8250725440144086704.
2023-09-12T14:05:39.891+0530 [DEBUG] [org.gradle.cache.internal.locklistener.DefaultFileLockContentionHandler] Gradle process at port 58075 confirmed lock release for lock with id 8250725440144086704.
2023-09-12T14:05:39.891+0530 [DEBUG] [org.gradle.cache.internal.locklistener.DefaultFileLockContentionHandler] Triggering lock release signal for lock with id 8250725440144086704.
2023-09-12T14:05:39.891+0530 [DEBUG] [org.gradle.cache.internal.locklistener.DefaultFileLockContentionHandler] Gradle process at port 58075 confirmed lock release for lock with id 8250725440144086704.
2023-09-12T14:05:39.891+0530 [DEBUG] [org.gradle.cache.internal.locklistener.DefaultFileLockContentionHandler] Triggering lock release signal for lock with id 8250725440144086704.
2023-09-12T14:05:39.891+0530 [DEBUG] [org.gradle.cache.internal.DefaultFileLockManager] Lock acquired on journal cache (C:\Users\Exedos\AndroidStudioProjects\LivingWater\caches\journal-1).
2023-09-12T14:05:39.892+0530 [INFO] [org.gradle.cache.internal.InMemoryDecoratedCache] Invalidating in-memory cache of C:\Users\Exedos\AndroidStudioProjects\LivingWater\caches\journal-1\file-access.bin
2023-09-12T14:05:39.894+0530 [DEBUG] [org.gradle.cache.internal.btree.BTreePersistentIndexedCache] Opening cache file-access.bin (C:\Users\Exedos\AndroidStudioProjects\LivingWater\caches\journal-1\file-access.bin)
2023-09-12T14:05:39.935+0530 [INFO] [org.gradle.cache.internal.AbstractCacheCleanup] jars (C:\Users\Exedos\AndroidStudioProjects\LivingWater\caches\jars-9) cleanup deleted 2 files/directories.
2023-09-12T14:05:39.936+0530 [INFO] [org.gradle.cache.internal.DefaultPersistentDirectoryStore] jars (C:\Users\Exedos\AndroidStudioProjects\LivingWater\caches\jars-9) cleaned up in 0.053 secs.
2023-09-12T14:05:39.936+0530 [DEBUG] [org.gradle.cache.internal.LockOnDemandCrossProcessCacheAccess] Releasing file lock for Artifact transforms cache (C:\Users\Exedos\AndroidStudioProjects\LivingWater\caches\transforms-3)
2023-09-12T14:05:39.936+0530 [DEBUG] [org.gradle.cache.internal.DefaultFileLockManager] Releasing lock on Artifact transforms cache (C:\Users\Exedos\AndroidStudioProjects\LivingWater\caches\transforms-3).
2023-09-12T14:05:39.937+0530 [DEBUG] [org.gradle.cache.internal.DefaultPersistentDirectoryStore] Artifact transforms cache (C:\Users\Exedos\AndroidStudioProjects\LivingWater\caches\transforms-3) has last been fully cleaned up 89 hours ago
2023-09-12T14:05:39.937+0530 [INFO] [org.gradle.cache.internal.LeastRecentlyUsedCacheCleanup] Artifact transforms cache (C:\Users\Exedos\AndroidStudioProjects\LivingWater\caches\transforms-3) removing files not accessed on or after Tue Sep 05 14:04:03 IST 2023.
2023-09-12T14:05:40.174+0530 [INFO] [org.gradle.cache.internal.AbstractCacheCleanup] Artifact transforms cache (C:\Users\Exedos\AndroidStudioProjects\LivingWater\caches\transforms-3) cleanup deleted 0 files/directories.
2023-09-12T14:05:40.175+0530 [INFO] [org.gradle.cache.internal.DefaultPersistentDirectoryStore] Artifact transforms cache (C:\Users\Exedos\AndroidStudioProjects\LivingWater\caches\transforms-3) cleaned up in 0.237 secs.
2023-09-12T14:05:40.197+0530 [DEBUG] [org.gradle.cache.internal.LockOnDemandCrossProcessCacheAccess] Releasing file lock for file content cache (C:\Users\Exedos\AndroidStudioProjects\LivingWater\caches\8.0\fileContent)
2023-09-12T14:05:40.197+0530 [DEBUG] [org.gradle.cache.internal.DefaultFileLockManager] Releasing lock on file content cache (C:\Users\Exedos\AndroidStudioProjects\LivingWater\caches\8.0\fileContent).
2023-09-12T14:05:40.197+0530 [DEBUG] [org.gradle.internal.watch.vfs.impl.WatchingVirtualFileSystem] Closing VFS, dropping state
2023-09-12T14:05:40.198+0530 [DEBUG] [org.gradle.cache.internal.DefaultCacheAccess] Cache Generated Gradle JARs cache (C:\Users\Exedos\AndroidStudioProjects\LivingWater\caches\8.0\generated-gradle-jars) was closed 0 times.
2023-09-12T14:05:40.198+0530 [DEBUG] [org.gradle.internal.watch.registry.impl.DefaultFileWatcherRegistry] Finished listening to file system change events
2023-09-12T14:05:40.198+0530 [DEBUG] [org.gradle.cache.internal.DefaultPersistentDirectoryStore] artifact cache (C:\Users\Exedos\AndroidStudioProjects\LivingWater\caches\modules-2) has last been fully cleaned up 89 hours ago
2023-09-12T14:05:40.199+0530 [INFO] [org.gradle.cache.internal.AbstractCacheCleanup] artifact cache (C:\Users\Exedos\AndroidStudioProjects\LivingWater\caches\modules-2) cleanup deleted 0 files/directories.
2023-09-12T14:05:40.201+0530 [INFO] [org.gradle.cache.internal.AbstractCacheCleanup] artifact cache (C:\Users\Exedos\AndroidStudioProjects\LivingWater\caches\modules-2) [subdir: C:\Users\Exedos\AndroidStudioProjects\LivingWater\caches\modules-2\resources-2.1] cleanup deleted 0 files/directories.
2023-09-12T14:05:40.201+0530 [INFO] [org.gradle.cache.internal.LeastRecentlyUsedCacheCleanup] artifact cache (C:\Users\Exedos\AndroidStudioProjects\LivingWater\caches\modules-2) [subdir: C:\Users\Exedos\AndroidStudioProjects\LivingWater\caches\modules-2\resources-2.1] removing files not accessed on or after Sun Aug 13 14:04:03 IST 2023.
2023-09-12T14:05:40.201+0530 [INFO] [org.gradle.cache.internal.AbstractCacheCleanup] artifact cache (C:\Users\Exedos\AndroidStudioProjects\LivingWater\caches\modules-2) [subdir: C:\Users\Exedos\AndroidStudioProjects\LivingWater\caches\modules-2\resources-2.1] cleanup deleted 0 files/directories.
2023-09-12T14:05:40.202+0530 [INFO] [org.gradle.cache.internal.AbstractCacheCleanup] artifact cache (C:\Users\Exedos\AndroidStudioProjects\LivingWater\caches\modules-2) [subdir: C:\Users\Exedos\AndroidStudioProjects\LivingWater\caches\modules-2\files-2.1] cleanup deleted 0 files/directories.
2023-09-12T14:05:40.203+0530 [INFO] [org.gradle.cache.internal.LeastRecentlyUsedCacheCleanup] artifact cache (C:\Users\Exedos\AndroidStudioProjects\LivingWater\caches\modules-2) [subdir: C:\Users\Exedos\AndroidStudioProjects\LivingWater\caches\modules-2\files-2.1] removing files not accessed on or after Sun Aug 13 14:04:03 IST 2023.
2023-09-12T14:05:40.500+0530 [INFO] [org.gradle.cache.internal.AbstractCacheCleanup] artifact cache (C:\Users\Exedos\AndroidStudioProjects\LivingWater\caches\modules-2) [subdir: C:\Users\Exedos\AndroidStudioProjects\LivingWater\caches\modules-2\files-2.1] cleanup deleted 0 files/directories.
2023-09-12T14:05:40.501+0530 [INFO] [org.gradle.cache.internal.AbstractCacheCleanup] artifact cache (C:\Users\Exedos\AndroidStudioProjects\LivingWater\caches\modules-2) [subdir: C:\Users\Exedos\AndroidStudioProjects\LivingWater\caches\modules-2\metadata-2.100] cleanup deleted 0 files/directories.
2023-09-12T14:05:40.502+0530 [INFO] [org.gradle.cache.internal.DefaultPersistentDirectoryStore] artifact cache (C:\Users\Exedos\AndroidStudioProjects\LivingWater\caches\modules-2) cleaned up in 0.303 secs.
2023-09-12T14:05:40.502+0530 [DEBUG] [org.gradle.cache.internal.LockOnDemandCrossProcessCacheAccess] Releasing file lock for journal cache (C:\Users\Exedos\AndroidStudioProjects\LivingWater\caches\journal-1)
2023-09-12T14:05:40.502+0530 [DEBUG] [org.gradle.cache.internal.btree.BTreePersistentIndexedCache] Closing cache file-access.bin (C:\Users\Exedos\AndroidStudioProjects\LivingWater\caches\journal-1\file-access.bin)
2023-09-12T14:05:40.502+0530 [DEBUG] [org.gradle.cache.internal.DefaultFileLockManager] Releasing lock on journal cache (C:\Users\Exedos\AndroidStudioProjects\LivingWater\caches\journal-1).
2023-09-12T14:05:40.503+0530 [DEBUG] [org.gradle.cache.internal.DefaultCacheAccess] Cache journal cache (C:\Users\Exedos\AndroidStudioProjects\LivingWater\caches\journal-1) was closed 2 times.
2023-09-12T14:05:40.503+0530 [DEBUG] [org.gradle.cache.internal.LockOnDemandCrossProcessCacheAccess] Releasing file lock for execution history cache (C:\Users\Exedos\AndroidStudioProjects\LivingWater\caches\8.0\executionHistory)
2023-09-12T14:05:40.503+0530 [DEBUG] [org.gradle.cache.internal.btree.BTreePersistentIndexedCache] Closing cache executionHistory.bin (C:\Users\Exedos\AndroidStudioProjects\LivingWater\caches\8.0\executionHistory\executionHistory.bin)
2023-09-12T14:05:40.504+0530 [DEBUG] [org.gradle.cache.internal.DefaultFileLockManager] Releasing lock on execution history cache (C:\Users\Exedos\AndroidStudioProjects\LivingWater\caches\8.0\executionHistory).
2023-09-12T14:05:40.508+0530 [DEBUG] [org.gradle.cache.internal.VersionSpecificCacheCleanupAction] Processed version-specific caches at C:\Users\Exedos\AndroidStudioProjects\LivingWater\caches for cleanup in 0.002 secs
Daemon vm is shutting down... The daemon has exited normally or was terminated in response to a user interrupt.
2023-09-12T14:05:40.547+0530 [DEBUG] [org.gradle.launcher.daemon.registry.PersistentDaemonRegistry] Removing daemon address: [cdaafe69-5bc0-43db-b92f-3763c0c294d3 port:14993, addresses:[localhost/127.0.0.1]]
2023-09-12T14:05:40.549+0530 [DEBUG] [org.gradle.cache.internal.DefaultFileLockManager] Waiting to acquire exclusive lock on daemon addresses registry.
2023-09-12T14:05:40.549+0530 [DEBUG] [org.gradle.cache.internal.DefaultFileLockManager] Lock acquired on daemon addresses registry.
2023-09-12T14:05:40.550+0530 [DEBUG] [org.gradle.cache.internal.DefaultFileLockManager] Releasing lock on daemon addresses registry.
